<?xml version="1.0" encoding="UTF-8"?>
<!-- Generated by org.testng.reporters.JUnitReportReporter -->
<testsuite hostname="MDTR25" name="Runner.RunnerClass" tests="1" failures="0" timestamp="3 Feb 2019 08:44:14 GMT" time="0.266" errors="0">
  <testcase name="feature" time="0.266" classname="Runner.RunnerClass"/>
</testsuite> <!-- Runner.RunnerClass -->
